<?xml version="1.0" encoding="UTF-8" ?>
<testsuite tests="21" failures="0" name="ch.heigvd.amt.uat.fluentlenium.GamificationFluentTest" time="227.323" errors="0" skipped="0">
  <properties>
    <property name="java.runtime.name" value="Java(TM) SE Runtime Environment"/>
    <property name="sun.boot.library.path" value="C:\Program Files\Java\jdk1.8.0_20\jre\bin"/>
    <property name="java.vm.version" value="25.20-b23"/>
    <property name="user.country.format" value="US"/>
    <property name="java.vm.vendor" value="Oracle Corporation"/>
    <property name="java.vendor.url" value="http://java.oracle.com/"/>
    <property name="path.separator" value=";"/>
    <property name="guice.disable.misplaced.annotation.check" value="true"/>
    <property name="java.vm.name" value="Java HotSpot(TM) 64-Bit Server VM"/>
    <property name="file.encoding.pkg" value="sun.io"/>
    <property name="user.script" value=""/>
    <property name="user.country" value="FR"/>
    <property name="sun.java.launcher" value="SUN_STANDARD"/>
    <property name="sun.os.patch.level" value=""/>
    <property name="java.vm.specification.name" value="Java Virtual Machine Specification"/>
    <property name="user.dir" value="C:\Users\Samira\Desktop\S5\AMT\Teaching-HEIGVD-AMT-2015-Project\GamificationProjectTest"/>
    <property name="java.runtime.version" value="1.8.0_20-b26"/>
    <property name="java.awt.graphicsenv" value="sun.awt.Win32GraphicsEnvironment"/>
    <property name="java.endorsed.dirs" value="C:\Program Files\Java\jdk1.8.0_20\jre\lib\endorsed"/>
    <property name="os.arch" value="amd64"/>
    <property name="java.io.tmpdir" value="C:\Users\Samira\AppData\Local\Temp\"/>
    <property name="line.separator" value="
"/>
    <property name="java.vm.specification.vendor" value="Oracle Corporation"/>
    <property name="user.variant" value=""/>
    <property name="os.name" value="Windows 8"/>
    <property name="maven.ext.class.path" value="C:\Program Files\NetBeans 8.0.2\java\maven-nblib\netbeans-eventspy.jar"/>
    <property name="classworlds.conf" value="C:\Program Files\NetBeans 8.0.2\java\maven\bin\m2.conf"/>
    <property name="sun.jnu.encoding" value="Cp1252"/>
    <property name="java.library.path" value="C:\Program Files\Java\jdk1.8.0_20\bin;C:\windows\Sun\Java\bin;C:\windows\system32;C:\windows;C:\Program Files (x86)\iis express\PHP\v5.4;C:\ProgramData\Oracle\Java\javapath;c:\Program Files (x86)\Intel\iCLS Client\;c:\Program Files\Intel\iCLS Client\;C:\windows\system32;C:\windows;C:\windows\System32\Wbem;C:\windows\System32\WindowsPowerShell\v1.0\;c:\Program Files (x86)\Hewlett-Packard\HP ProtectTools Security Manager\Bin\;C:\MinGW\bin;C:\MinGW\msys\1.0\bin;C:\Program Files\Intel\Intel(R) Management Engine Components\DAL;C:\Program Files\Intel\Intel(R) Management Engine Components\IPT;C:\Program Files (x86)\Intel\Intel(R) Management Engine Components\DAL;C:\Program Files (x86)\Intel\Intel(R) Management Engine Components\IPT;C:\Program Files\Intel\WiFi\bin\;C:\Program Files\Common Files\Intel\WirelessCommon\;C:\winarm_reds\bin;C:\winarm_reds\utils\bin;C:\Program Files (x86)\MiKTeX 2.9\miktex\bin\;C:\Program Files\Java\jdk1.8.0_20\bin;C:\Program Files (x86)\Intel\OpenCL SDK\3.0\bin\x86;C:\Program Files (x86)\Intel\OpenCL SDK\3.0\bin\x64;C:\Program Files (x86)\apache-maven-3.2.5\bin;C:\Program Files\Ja;C:\Program Files\MySQL\MySQL Server 5.1\bin;C:\Program Files\MATLAB\R2014a\bin;C:\HashiCorp\Vagrant\bin;C:\Program Files (x86)\Skype\Phone\;c:\Program Files\Intel\WiFi\bin\;c:\Program Files\Common Files\Intel\WirelessCommon\;C:\python27_x64;."/>
    <property name="java.specification.name" value="Java Platform API Specification"/>
    <property name="java.class.version" value="52.0"/>
    <property name="sun.management.compiler" value="HotSpot 64-Bit Tiered Compilers"/>
    <property name="os.version" value="6.2"/>
    <property name="user.home" value="C:\Users\Samira"/>
    <property name="user.timezone" value="Europe/Berlin"/>
    <property name="java.awt.printerjob" value="sun.awt.windows.WPrinterJob"/>
    <property name="java.specification.version" value="1.8"/>
    <property name="file.encoding" value="UTF-8"/>
    <property name="user.name" value="Samira"/>
    <property name="java.class.path" value="C:\Program Files\NetBeans 8.0.2\java\maven\boot\plexus-classworlds-2.4.jar"/>
    <property name="java.vm.specification.version" value="1.8"/>
    <property name="sun.arch.data.model" value="64"/>
    <property name="java.home" value="C:\Program Files\Java\jdk1.8.0_20\jre"/>
    <property name="sun.java.command" value="org.codehaus.plexus.classworlds.launcher.Launcher -Dmaven.ext.class.path=C:\Program Files\NetBeans 8.0.2\java\maven-nblib\netbeans-eventspy.jar -Dfile.encoding=UTF-8 test"/>
    <property name="java.specification.vendor" value="Oracle Corporation"/>
    <property name="user.language" value="fr"/>
    <property name="user.language.format" value="en"/>
    <property name="awt.toolkit" value="sun.awt.windows.WToolkit"/>
    <property name="java.vm.info" value="mixed mode"/>
    <property name="java.version" value="1.8.0_20"/>
    <property name="java.ext.dirs" value="C:\Program Files\Java\jdk1.8.0_20\jre\lib\ext;C:\windows\Sun\Java\lib\ext"/>
    <property name="sun.boot.class.path" value="C:\Program Files\Java\jdk1.8.0_20\jre\lib\resources.jar;C:\Program Files\Java\jdk1.8.0_20\jre\lib\rt.jar;C:\Program Files\Java\jdk1.8.0_20\jre\lib\sunrsasign.jar;C:\Program Files\Java\jdk1.8.0_20\jre\lib\jsse.jar;C:\Program Files\Java\jdk1.8.0_20\jre\lib\jce.jar;C:\Program Files\Java\jdk1.8.0_20\jre\lib\charsets.jar;C:\Program Files\Java\jdk1.8.0_20\jre\lib\jfr.jar;C:\Program Files\Java\jdk1.8.0_20\jre\classes"/>
    <property name="java.vendor" value="Oracle Corporation"/>
    <property name="maven.home" value="C:\Program Files\NetBeans 8.0.2\java\maven"/>
    <property name="file.separator" value="\"/>
    <property name="java.vendor.url.bug" value="http://bugreport.sun.com/bugreport/"/>
    <property name="sun.cpu.endian" value="little"/>
    <property name="sun.io.unicode.encoding" value="UnicodeLittle"/>
    <property name="sun.desktop" value="windows"/>
    <property name="sun.cpu.isalist" value="amd64"/>
  </properties>
  <testcase classname="ch.heigvd.amt.uat.fluentlenium.GamificationFluentTest" name="itShouldNotBePossibleToSignUpWithAnPasswordSmallerThan8Character" time="16.762"/>
  <testcase classname="ch.heigvd.amt.uat.fluentlenium.GamificationFluentTest" name="itShouldNotBePossibleToCreateAnAccountWithEmailWhitchAlreadyExists" time="9.057"/>
  <testcase classname="ch.heigvd.amt.uat.fluentlenium.GamificationFluentTest" name="itShouldNotBePossibleToSigninWithAnInvalidEmail" time="8.965"/>
  <testcase classname="ch.heigvd.amt.uat.fluentlenium.GamificationFluentTest" name="itShouldBePossibleToAccessYourAppByClickApp" time="11.368"/>
  <testcase classname="ch.heigvd.amt.uat.fluentlenium.GamificationFluentTest" name="itShouldBePossibleToSigninWithAnvalidEmail" time="10.426"/>
  <testcase classname="ch.heigvd.amt.uat.fluentlenium.GamificationFluentTest" name="itShouldBePossibleToAccessRegistrationPagesWithClickSurCreateAccountButton" time="7.339"/>
  <testcase classname="ch.heigvd.amt.uat.fluentlenium.GamificationFluentTest" name="itShouldBeNotPossibleToAccessSecurePagesWithoutLogin" time="6.789"/>
  <testcase classname="ch.heigvd.amt.uat.fluentlenium.GamificationFluentTest" name="itShouldAllowTheUsersToRegisterNewApplication" time="9.229"/>
  <testcase classname="ch.heigvd.amt.uat.fluentlenium.GamificationFluentTest" name="itShouldBePossibleForUserToEditHisAccount" time="14.037"/>
  <testcase classname="ch.heigvd.amt.uat.fluentlenium.GamificationFluentTest" name="itShouldBePossibleToLogoutWithClickLogoutButton" time="16.128"/>
  <testcase classname="ch.heigvd.amt.uat.fluentlenium.GamificationFluentTest" name="itShouldNotBePossibleToRegisterAnApplicationWhitchAlreadyExists" time="13.531"/>
  <testcase classname="ch.heigvd.amt.uat.fluentlenium.GamificationFluentTest" name="itShouldNotBeSaveTheEditionOnAccountByTheUserUserByClickCancelButton" time="14.2"/>
  <testcase classname="ch.heigvd.amt.uat.fluentlenium.GamificationFluentTest" name="itShouldBePossibleToNotSaveTheEditionInTheNamePartByClickCancelButton" time="11.301"/>
  <testcase classname="ch.heigvd.amt.uat.fluentlenium.GamificationFluentTest" name="itShouldBePossibleToAccessYourAppsPagesWithCreateAnAccount" time="10.953"/>
  <testcase classname="ch.heigvd.amt.uat.fluentlenium.GamificationFluentTest" name="itShouldBePossibleToAccessTheListOfUserOfApplication" time="9.168"/>
  <testcase classname="ch.heigvd.amt.uat.fluentlenium.GamificationFluentTest" name="itShouldNotBePossibleToSignUpWithAnInvalidEmail" time="8.11"/>
  <testcase classname="ch.heigvd.amt.uat.fluentlenium.GamificationFluentTest" name="itShouldBePossibleToRegisterNewAppWithSubmitNecessaryInformations" time="9.623"/>
  <testcase classname="ch.heigvd.amt.uat.fluentlenium.GamificationFluentTest" name="itShouldNotBePossibleToSignUpIfThePasswordAndConfirmPasswordAreNotIdentical" time="8.234"/>
  <testcase classname="ch.heigvd.amt.uat.fluentlenium.GamificationFluentTest" name="itShouldBePossibleToNotSaveTheEditionInTheDescriptionPartByClickCancelButton" time="9.345"/>
  <testcase classname="ch.heigvd.amt.uat.fluentlenium.GamificationFluentTest" name="itShouldBePossibleToEditTheNameOfApplicationByClickEditButton" time="12.167"/>
  <testcase classname="ch.heigvd.amt.uat.fluentlenium.GamificationFluentTest" name="itShouldBePossibleToEditTheDescriptionOfAccountByClickEditButton" time="10.489"/>
</testsuite>